<?xml version="1.0" encoding="UTF-8"?>
<testng-results skipped="0" failed="0" ignored="0" total="1" passed="1">
  <reporter-output>
  </reporter-output>
  <suite name="Default suite" duration-ms="42310" started-at="2019-11-30T11:57:45Z" finished-at="2019-11-30T11:58:27Z">
    <groups>
    </groups>
    <test name="Default test" duration-ms="42310" started-at="2019-11-30T11:57:45Z" finished-at="2019-11-30T11:58:27Z">
      <class name="com.captcha.ReadCaptcha">
        <test-method status="PASS" signature="test()[pri:0, instance:com.captcha.ReadCaptcha@20322d26]" name="test" duration-ms="42260" started-at="2019-11-30T11:57:45Z" finished-at="2019-11-30T11:58:27Z">
          <reporter-output>
          </reporter-output>
        </test-method> <!-- test -->
      </class> <!-- com.captcha.ReadCaptcha -->
    </test> <!-- Default test -->
  </suite> <!-- Default suite -->
</testng-results>
